0 info it worked if it ends with ok
1 verbose cli [ '/usr/local/bin/node',
1 verbose cli   '/usr/local/bin/npm',
1 verbose cli   'run-script',
1 verbose cli   'run-test' ]
2 info using npm@1.3.24
3 info using node@v0.10.25
4 verbose run-script [ 'prerun-test', 'run-test', 'postrun-test' ]
5 info prerun-test sucka@0.1.0
6 info run-test sucka@0.1.0
7 verbose unsafe-perm in lifecycle true
8 info sucka@0.1.0 Failed to exec run-test script
9 error sucka@0.1.0 run-test: `NODE_ENV=test mocha`
9 error Exit status 1
10 error Failed at the sucka@0.1.0 run-test script.
10 error This is most likely a problem with the sucka package,
10 error not with npm itself.
10 error Tell the author that this fails on your system:
10 error     NODE_ENV=test mocha
10 error You can get their info via:
10 error     npm owner ls sucka
10 error There is likely additional logging output above.
11 error System Darwin 12.3.0
12 error command "/usr/local/bin/node" "/usr/local/bin/npm" "run-script" "run-test"
13 error cwd /Users/jonathonmorgan/Documents/Ushahidi/CrisisNet/code/sucka
14 error node -v v0.10.25
15 error npm -v 1.3.24
16 error code ELIFECYCLE
17 verbose exit [ 1, true ]
